[debug] [2025-04-24T15:52:10.920Z] ----------------------------------------------------------------------
[debug] [2025-04-24T15:52:10.924Z] Command:       C:\Program Files\nodejs\node.exe C:\Users\DiegoFaravelli\AppData\Roaming\npm\node_modules\firebase-tools\lib\bin\firebase.js init
[debug] [2025-04-24T15:52:10.925Z] CLI Version:   14.2.1
[debug] [2025-04-24T15:52:10.925Z] Platform:      win32
[debug] [2025-04-24T15:52:10.925Z] Node Version:  v20.17.0
[debug] [2025-04-24T15:52:10.925Z] Time:          Thu Apr 24 2025 17:52:10 GMT+0200 (Ora legale dell’Europa centrale)
[debug] [2025-04-24T15:52:10.925Z] ----------------------------------------------------------------------
[debug] 
[debug] [2025-04-24T15:52:11.114Z] > command requires scopes: ["email","openid","https://www.googleapis.com/auth/cloudplatformprojects.readonly","https://www.googleapis.com/auth/firebase","https://www.googleapis.com/auth/cloud-platform"]
[debug] [2025-04-24T15:52:11.114Z] > authorizing via signed-in user (diego.faravelli@gmail.com)
[info] 
     ######## #### ########  ######## ########     ###     ######  ########
     ##        ##  ##     ## ##       ##     ##  ##   ##  ##       ##
     ######    ##  ########  ######   ########  #########  ######  ######
     ##        ##  ##    ##  ##       ##     ## ##     ##       ## ##
     ##       #### ##     ## ######## ########  ##     ##  ######  ########

You're about to initialize a Firebase project in this directory:

  C:\Users\DiegoFaravelli\Documents\progetti\app-rendicontazione-spese

Before we get started, keep in mind:

  * You are initializing within an existing Firebase project directory

[info] 
=== Project Setup
[info] 
[info] First, let's associate this project directory with a Firebase project.
[info] You can create multiple project aliases by running firebase use --add, 
[info] but for now we'll just set up a default project.
[info] 
[debug] [2025-04-24T15:52:24.120Z] Using project from CLI flag: budget-app-62b00
[debug] [2025-04-24T15:52:24.122Z] Checked if tokens are valid: true, expires at: 1745513130850
[debug] [2025-04-24T15:52:24.123Z] Checked if tokens are valid: true, expires at: 1745513130850
[debug] [2025-04-24T15:52:24.124Z] >>> [apiv2][query] GET https://firebase.googleapis.com/v1beta1/projects/budget-app-62b00 [none]
[debug] [2025-04-24T15:52:24.570Z] <<< [apiv2][status] GET https://firebase.googleapis.com/v1beta1/projects/budget-app-62b00 200
[debug] [2025-04-24T15:52:24.570Z] <<< [apiv2][body] GET https://firebase.googleapis.com/v1beta1/projects/budget-app-62b00 {"projectId":"budget-app-62b00","projectNumber":"845402251527","displayName":"Budget-app","name":"projects/budget-app-62b00","resources":{"hostingSite":"budget-app-62b00","realtimeDatabaseInstance":"budget-app-62b00-default-rtdb"},"state":"ACTIVE","etag":"1_896edefd-b6d4-4a53-91fd-d131c0e3d3e2"}
[info] i  Using project budget-app-62b00 (Budget-app) 
[info] 
=== Dataconnect Setup
[debug] [2025-04-24T15:52:24.604Z] Checked if tokens are valid: true, expires at: 1745513130850
[debug] [2025-04-24T15:52:24.604Z] Checked if tokens are valid: true, expires at: 1745513130850
[debug] [2025-04-24T15:52:24.604Z] >>> [apiv2][query] GET https://cloudbilling.googleapis.com/v1/projects/budget-app-62b00/billingInfo [none]
[debug] [2025-04-24T15:52:24.998Z] <<< [apiv2][status] GET https://cloudbilling.googleapis.com/v1/projects/budget-app-62b00/billingInfo 200
[debug] [2025-04-24T15:52:24.999Z] <<< [apiv2][body] GET https://cloudbilling.googleapis.com/v1/projects/budget-app-62b00/billingInfo {"name":"projects/budget-app-62b00/billingInfo","projectId":"budget-app-62b00","billingAccountName":"","billingEnabled":false}
[info] i  dataconnect: ensuring required API sqladmin.googleapis.com is enabled... 
[debug] [2025-04-24T15:52:25.000Z] Checked if tokens are valid: true, expires at: 1745513130850
[debug] [2025-04-24T15:52:25.000Z] Checked if tokens are valid: true, expires at: 1745513130850
[debug] [2025-04-24T15:52:25.000Z] >>> [apiv2][query] GET https://serviceusage.googleapis.com/v1/projects/budget-app-62b00/services/sqladmin.googleapis.com [none]
[debug] [2025-04-24T15:52:25.000Z] >>> [apiv2][(partial)header] GET https://serviceusage.googleapis.com/v1/projects/budget-app-62b00/services/sqladmin.googleapis.com x-goog-quota-user=projects/budget-app-62b00
[debug] [2025-04-24T15:52:26.039Z] <<< [apiv2][status] GET https://serviceusage.googleapis.com/v1/projects/budget-app-62b00/services/sqladmin.googleapis.com 200
[debug] [2025-04-24T15:52:26.039Z] <<< [apiv2][body] GET https://serviceusage.googleapis.com/v1/projects/budget-app-62b00/services/sqladmin.googleapis.com [omitted]
[info] +  dataconnect: required API sqladmin.googleapis.com is enabled 
[info] i  dataconnect\dataconnect.yaml is unchanged 
[info] i  dataconnect\schema\schema.gql is unchanged 
[info] +  Wrote dataconnect\connector\connector.yaml 
[info] i  dataconnect\connector\queries.gql is unchanged 
[info] i  dataconnect\connector\mutations.gql is unchanged 
[info] +  Detected WEB app in directory C:\Users\DiegoFaravelli\Documents\progetti\app-rendicontazione-spese 
[info] i  Detected react app. Enabling react generated SDKs. 
[info] i  Writing your new SDK configuration to C:\Users\DiegoFaravelli\Documents\progetti\app-rendicontazione-spese\dataconnect\connector/connector.yaml 
[info] +  Wrote dataconnect\connector\connector.yaml 
[debug] [2025-04-24T15:52:32.139Z] defaultcredentials: writing to file C:\Users\DiegoFaravelli\AppData\Roaming\firebase\diego_faravelli_gmail.com_application_default_credentials.json
[debug] [2025-04-24T15:52:32.148Z] Setting GAC to C:\Users\DiegoFaravelli\AppData\Roaming\firebase\diego_faravelli_gmail.com_application_default_credentials.json {"metadata":{"emulator":{"name":"dataconnect"},"message":"Setting GAC to C:\\Users\\DiegoFaravelli\\AppData\\Roaming\\firebase\\diego_faravelli_gmail.com_application_default_credentials.json"}}
[info] I0424 17:52:39.457092   14012 codegen.go:82] [connector "default" javascriptSdk] Generating sources into "C:\\Users\\DiegoFaravelli\\Documents\\progetti\\app-rendicontazione-spese\\dataconnect-generated\\js\\default-connector"
I0424 17:52:39.515370   14012 generate.go:40] Generated all sources. Writing them to disk...
I0424 17:52:39.581052   14012 collector.go:107] connector "default" javascriptSdk wrote into "C:\\Users\\DiegoFaravelli\\Documents\\progetti\\app-rendicontazione-spese\\dataconnect-generated\\js\\default-connector"
Generated sources: index.d.ts [246B] esm\index.esm.js [128B] esm\package.json [17B] README.md [2774B] index.cjs.js [163B] package.json [860B] react\index.d.ts [228B] react\package.json [468B] react\esm\package.json [17B] react\index.cjs.js [0B] react\esm\index.esm.js [0B] react\README.md [5417B] 
I0424 17:52:39.590165   14012 installsdk.go:80] Running command: C:\Program Files\nodejs\npm.cmd install file:dataconnect-generated\js\default-connector

[info] i  Generated SDK code for default 
[info] i  Visit https://firebase.google.com/docs/data-connect/web-sdk#react for more information on how to set up React Generated SDKs for Firebase Data Connect 
[info] +  If you'd like to add more generated SDKs to your app your later, run firebase init dataconnect:sdk again 
[info] i  If you'd like to provision a CloudSQL Postgres instance on the Firebase Data Connect no-cost trial:
1. Please upgrade to the pay-as-you-go (Blaze) billing plan. Visit the following page:
     https://console.firebase.google.com/project/budget-app-62b00/usage/details
2. Run firebase init dataconnect again to configure the Cloud SQL instance.
3. Run firebase deploy --only dataconnect to deploy your Data Connect service. 
[info] 
=== Firestore Setup
[debug] [2025-04-24T15:52:41.725Z] Checked if tokens are valid: true, expires at: 1745513130850
[debug] [2025-04-24T15:52:41.725Z] Checked if tokens are valid: true, expires at: 1745513130850
[debug] [2025-04-24T15:52:41.725Z] >>> [apiv2][query] GET https://serviceusage.googleapis.com/v1/projects/budget-app-62b00/services/firestore.googleapis.com [none]
[debug] [2025-04-24T15:52:41.726Z] >>> [apiv2][(partial)header] GET https://serviceusage.googleapis.com/v1/projects/budget-app-62b00/services/firestore.googleapis.com x-goog-quota-user=projects/budget-app-62b00
[debug] [2025-04-24T15:52:42.735Z] <<< [apiv2][status] GET https://serviceusage.googleapis.com/v1/projects/budget-app-62b00/services/firestore.googleapis.com 200
[debug] [2025-04-24T15:52:42.735Z] <<< [apiv2][body] GET https://serviceusage.googleapis.com/v1/projects/budget-app-62b00/services/firestore.googleapis.com [omitted]
[debug] [2025-04-24T15:52:42.735Z] Checked if tokens are valid: true, expires at: 1745513130850
[debug] [2025-04-24T15:52:42.736Z] Checked if tokens are valid: true, expires at: 1745513130850
[debug] [2025-04-24T15:52:42.736Z] >>> [apiv2][query] GET https://firestore.googleapis.com/v1/projects/budget-app-62b00/databases/(default) [none]
[debug] [2025-04-24T15:52:43.670Z] <<< [apiv2][status] GET https://firestore.googleapis.com/v1/projects/budget-app-62b00/databases/(default) 200
[debug] [2025-04-24T15:52:43.671Z] <<< [apiv2][body] GET https://firestore.googleapis.com/v1/projects/budget-app-62b00/databases/(default) {"name":"projects/budget-app-62b00/databases/(default)","uid":"4dee53aa-9c4c-4bf9-a7ca-24cae219abcb","createTime":"2025-04-24T15:48:59.103793Z","updateTime":"2025-04-24T15:48:59.103793Z","locationId":"nam5","type":"FIRESTORE_NATIVE","concurrencyMode":"PESSIMISTIC","versionRetentionPeriod":"3600s","earliestVersionTime":"2025-04-24T15:48:59.103793Z","appEngineIntegrationMode":"DISABLED","keyPrefix":"s","pointInTimeRecoveryEnablement":"POINT_IN_TIME_RECOVERY_DISABLED","deleteProtectionState":"DELETE_PROTECTION_DISABLED","databaseEdition":"STANDARD","freeTier":true,"etag":"INHVhauD8YwDMOuRkd+C8YwD"}
[debug] [2025-04-24T15:52:43.671Z] database_type: FIRESTORE_NATIVE
[debug] [2025-04-24T15:52:43.671Z] database_type: FIRESTORE_NATIVE
[debug] [2025-04-24T15:52:43.671Z] > command requires scopes: ["email","openid","https://www.googleapis.com/auth/cloudplatformprojects.readonly","https://www.googleapis.com/auth/firebase","https://www.googleapis.com/auth/cloud-platform"]
[debug] [2025-04-24T15:52:43.671Z] > authorizing via signed-in user (diego.faravelli@gmail.com)
[debug] [2025-04-24T15:52:43.671Z] [iam] checking project budget-app-62b00 for permissions ["firebase.projects.get"]
[debug] [2025-04-24T15:52:43.672Z] Checked if tokens are valid: true, expires at: 1745513130850
[debug] [2025-04-24T15:52:43.672Z] Checked if tokens are valid: true, expires at: 1745513130850
[debug] [2025-04-24T15:52:43.673Z] >>> [apiv2][query] POST https://cloudresourcemanager.googleapis.com/v1/projects/budget-app-62b00:testIamPermissions [none]
[debug] [2025-04-24T15:52:43.673Z] >>> [apiv2][(partial)header] POST https://cloudresourcemanager.googleapis.com/v1/projects/budget-app-62b00:testIamPermissions x-goog-quota-user=projects/budget-app-62b00
[debug] [2025-04-24T15:52:43.673Z] >>> [apiv2][body] POST https://cloudresourcemanager.googleapis.com/v1/projects/budget-app-62b00:testIamPermissions {"permissions":["firebase.projects.get"]}
[debug] [2025-04-24T15:52:44.512Z] <<< [apiv2][status] POST https://cloudresourcemanager.googleapis.com/v1/projects/budget-app-62b00:testIamPermissions 200
[debug] [2025-04-24T15:52:44.512Z] <<< [apiv2][body] POST https://cloudresourcemanager.googleapis.com/v1/projects/budget-app-62b00:testIamPermissions {"permissions":["firebase.projects.get"]}
[info] 
[info] Firestore Security Rules allow you to define how and when to allow
[info] requests. You can keep these rules in your project directory
[info] and publish them with firebase deploy.
[info] 
[debug] [2025-04-24T15:52:51.776Z] Checked if tokens are valid: true, expires at: 1745513130850
[debug] [2025-04-24T15:52:51.777Z] Checked if tokens are valid: true, expires at: 1745513130850
[debug] [2025-04-24T15:52:51.777Z] >>> [apiv2][query] GET https://firebaserules.googleapis.com/v1/projects/budget-app-62b00/releases pageSize=10&pageToken=
[debug] [2025-04-24T15:52:52.223Z] <<< [apiv2][status] GET https://firebaserules.googleapis.com/v1/projects/budget-app-62b00/releases 200
[debug] [2025-04-24T15:52:52.223Z] <<< [apiv2][body] GET https://firebaserules.googleapis.com/v1/projects/budget-app-62b00/releases {"releases":[{"name":"projects/budget-app-62b00/releases/cloud.firestore","rulesetName":"projects/budget-app-62b00/rulesets/c933ff56-6517-44cb-85c4-0eedf371319d","createTime":"2025-04-24T15:49:05.295194Z","updateTime":"2025-04-24T15:49:05.295194Z"}]}
[debug] [2025-04-24T15:52:52.224Z] Found ruleset: projects/budget-app-62b00/rulesets/c933ff56-6517-44cb-85c4-0eedf371319d
[debug] [2025-04-24T15:52:52.224Z] Checked if tokens are valid: true, expires at: 1745513130850
[debug] [2025-04-24T15:52:52.224Z] Checked if tokens are valid: true, expires at: 1745513130850
[debug] [2025-04-24T15:52:52.224Z] >>> [apiv2][query] GET https://firebaserules.googleapis.com/v1/projects/budget-app-62b00/rulesets/c933ff56-6517-44cb-85c4-0eedf371319d [none]
[debug] [2025-04-24T15:52:52.971Z] <<< [apiv2][status] GET https://firebaserules.googleapis.com/v1/projects/budget-app-62b00/rulesets/c933ff56-6517-44cb-85c4-0eedf371319d 200
[debug] [2025-04-24T15:52:52.971Z] <<< [apiv2][body] GET https://firebaserules.googleapis.com/v1/projects/budget-app-62b00/rulesets/c933ff56-6517-44cb-85c4-0eedf371319d [omitted]
[info] 
[info] Firestore indexes allow you to perform complex queries while
[info] maintaining performance that scales with the size of the result
[info] set. You can keep index definitions in your project directory
[info] and publish them with firebase deploy.
[info] 
[debug] [2025-04-24T15:52:54.487Z] Checked if tokens are valid: true, expires at: 1745513130850
[debug] [2025-04-24T15:52:54.488Z] Checked if tokens are valid: true, expires at: 1745513130850
[debug] [2025-04-24T15:52:54.488Z] Checked if tokens are valid: true, expires at: 1745513130850
[debug] [2025-04-24T15:52:54.488Z] Checked if tokens are valid: true, expires at: 1745513130850
[debug] [2025-04-24T15:52:54.488Z] >>> [apiv2][query] GET https://firestore.googleapis.com/v1/projects/budget-app-62b00/databases/(default)/collectionGroups/-/indexes [none]
[debug] [2025-04-24T15:52:54.491Z] >>> [apiv2][query] GET https://firestore.googleapis.com/v1/projects/budget-app-62b00/databases/(default)/collectionGroups/-/fields?filter=indexConfig.usesAncestorConfig=false OR ttlConfig:* [none]
[debug] [2025-04-24T15:52:55.447Z] <<< [apiv2][status] GET https://firestore.googleapis.com/v1/projects/budget-app-62b00/databases/(default)/collectionGroups/-/fields?filter=indexConfig.usesAncestorConfig=false OR ttlConfig:* 200
[debug] [2025-04-24T15:52:55.447Z] <<< [apiv2][body] GET https://firestore.googleapis.com/v1/projects/budget-app-62b00/databases/(default)/collectionGroups/-/fields?filter=indexConfig.usesAncestorConfig=false OR ttlConfig:* {"fields":[{"name":"projects/budget-app-62b00/databases/(default)/collectionGroups/__default__/fields/*","indexConfig":{"indexes":[{"queryScope":"COLLECTION","fields":[{"fieldPath":"*","order":"ASCENDING"}],"state":"READY"},{"queryScope":"COLLECTION","fields":[{"fieldPath":"*","order":"DESCENDING"}],"state":"READY"},{"queryScope":"COLLECTION","fields":[{"fieldPath":"*","arrayConfig":"CONTAINS"}],"state":"READY"}]}}]}
[debug] [2025-04-24T15:52:55.456Z] <<< [apiv2][status] GET https://firestore.googleapis.com/v1/projects/budget-app-62b00/databases/(default)/collectionGroups/-/indexes 200
[debug] [2025-04-24T15:52:55.457Z] <<< [apiv2][body] GET https://firestore.googleapis.com/v1/projects/budget-app-62b00/databases/(default)/collectionGroups/-/indexes {}
[info] 
=== Apphosting Setup
[debug] [2025-04-24T15:52:55.464Z] Checked if tokens are valid: true, expires at: 1745513130850
[debug] [2025-04-24T15:52:55.464Z] Checked if tokens are valid: true, expires at: 1745513130850
[debug] [2025-04-24T15:52:55.465Z] >>> [apiv2][query] GET https://cloudbilling.googleapis.com/v1/projects/budget-app-62b00/billingInfo [none]
[debug] [2025-04-24T15:52:55.805Z] <<< [apiv2][status] GET https://cloudbilling.googleapis.com/v1/projects/budget-app-62b00/billingInfo 200
[debug] [2025-04-24T15:52:55.805Z] <<< [apiv2][body] GET https://cloudbilling.googleapis.com/v1/projects/budget-app-62b00/billingInfo {"name":"projects/budget-app-62b00/billingInfo","projectId":"budget-app-62b00","billingAccountName":"","billingEnabled":false}
[info] i  Writing default settings to apphosting.yaml... 
[info] i  apphosting.yaml is unchanged 
[info] +  Create a new App Hosting backend with `firebase apphosting:backends:create` 
[info] 
=== Hosting Setup
[debug] [2025-04-24T15:52:55.808Z] Checked if tokens are valid: true, expires at: 1745513130850
[debug] [2025-04-24T15:52:55.808Z] Checked if tokens are valid: true, expires at: 1745513130850
[debug] [2025-04-24T15:52:55.808Z] >>> [apiv2][query] GET https://firebase.googleapis.com/v1beta1/projects/budget-app-62b00 [none]
[debug] [2025-04-24T15:52:56.148Z] <<< [apiv2][status] GET https://firebase.googleapis.com/v1beta1/projects/budget-app-62b00 200
[debug] [2025-04-24T15:52:56.149Z] <<< [apiv2][body] GET https://firebase.googleapis.com/v1beta1/projects/budget-app-62b00 {"projectId":"budget-app-62b00","projectNumber":"845402251527","displayName":"Budget-app","name":"projects/budget-app-62b00","resources":{"hostingSite":"budget-app-62b00","realtimeDatabaseInstance":"budget-app-62b00-default-rtdb"},"state":"ACTIVE","etag":"1_896edefd-b6d4-4a53-91fd-d131c0e3d3e2"}
[info] 
[info] Your public directory is the folder (relative to your project directory) that
[info] will contain Hosting assets to be uploaded with firebase deploy. If you
[info] have a build process for your assets, use your build's output directory.
[info] 
[debug] [2025-04-24T15:53:05.764Z] >>> [apiv2][query] GET https://www.gstatic.com/firebasejs/releases.json [none]
[debug] [2025-04-24T15:53:05.947Z] <<< [apiv2][status] GET https://www.gstatic.com/firebasejs/releases.json 200
[debug] [2025-04-24T15:53:05.948Z] <<< [apiv2][body] GET https://www.gstatic.com/firebasejs/releases.json {"current":{"version":"11.6.0","browserURL":"https://www.gstatic.com/firebasejs/11.6.0/firebase.js","packageURL":"https://www.gstatic.com/firebasejs/11.6.0/firebase.tgz"},"live":{"version":"11.6","browserURL":"https://www.gstatic.com/firebasejs/live/11.6/firebase.js","packageURL":"https://www.gstatic.com/firebasejs/live/11.6/firebase.tgz"},"components":{"analytics":"https://www.gstatic.com/firebasejs/11.6.0/firebase-analytics.js","app":"https://www.gstatic.com/firebasejs/11.6.0/firebase-app.js","app-check":"https://www.gstatic.com/firebasejs/11.6.0/firebase-app-check.js","auth":"https://www.gstatic.com/firebasejs/11.6.0/firebase-auth.js","auth/cordova":"https://www.gstatic.com/firebasejs/11.6.0/firebase-auth/cordova.js","auth/web-extension":"https://www.gstatic.com/firebasejs/11.6.0/firebase-auth/web-extension.js","functions":"https://www.gstatic.com/firebasejs/11.6.0/firebase-functions.js","firestore":"https://www.gstatic.com/firebasejs/11.6.0/firebase-firestore.js","firestore/lite":"https://www.gstatic.com/firebasejs/11.6.0/firebase-firestore/lite.js","installations":"https://www.gstatic.com/firebasejs/11.6.0/firebase-installations.js","storage":"https://www.gstatic.com/firebasejs/11.6.0/firebase-storage.js","performance":"https://www.gstatic.com/firebasejs/11.6.0/firebase-performance.js","remote-config":"https://www.gstatic.com/firebasejs/11.6.0/firebase-remote-config.js","messaging":"https://www.gstatic.com/firebasejs/11.6.0/firebase-messaging.js","messaging/sw":"https://www.gstatic.com/firebasejs/11.6.0/firebase-messaging/sw.js","database":"https://www.gstatic.com/firebasejs/11.6.0/firebase-database.js","vertexai":"https://www.gstatic.com/firebasejs/11.6.0/firebase-vertexai.js","data-connect":"https://www.gstatic.com/firebasejs/11.6.0/firebase-data-connect.js","firestore.memory":"https://www.gstatic.com/firebasejs/11.6.0/firebase-firestore.memory.js"}}
[info] i  public/index.html is unchanged 
[info] 
[info] i  Detected a .git folder at C:\Users\DiegoFaravelli\Documents\progetti\app-rendicontazione-spese 
[info] i  Authorizing with GitHub to upload your service account to a GitHub repository's secrets store. 
[info] 
[info] Visit this URL on this device to log in:
[info] https://github.com/login/oauth/authorize?client_id=89cf50f02ac6aaed3484&state=900790489&redirect_uri=http%3A%2F%2Flocalhost%3A9005&scope=read%3Auser%20repo%20public_repo
[info] 
[info] Waiting for authentication...
[debug] [2025-04-24T15:53:15.655Z] >>> [apiv2][query] POST https://github.com/login/oauth/access_token [none]
[debug] [2025-04-24T15:53:15.656Z] >>> [apiv2][body] POST https://github.com/login/oauth/access_token [stream]
[debug] [2025-04-24T15:53:16.004Z] <<< [apiv2][status] POST https://github.com/login/oauth/access_token 200
[debug] [2025-04-24T15:53:16.004Z] <<< [apiv2][body] POST https://github.com/login/oauth/access_token {"access_token":"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","token_type":"bearer","scope":"read:user,repo"}
[debug] [2025-04-24T15:53:16.010Z] >>> [apiv2][query] GET https://api.github.com/user [none]
[debug] [2025-04-24T15:53:16.360Z] <<< [apiv2][status] GET https://api.github.com/user 200
[debug] [2025-04-24T15:53:16.360Z] <<< [apiv2][body] GET https://api.github.com/user {"login":"FaraDev98","id":109040772,"node_id":"U_kgDOBn_UhA","avatar_url":"https://avatars.githubusercontent.com/u/109040772?v=4","gravatar_id":"","url":"https://api.github.com/users/FaraDev98","html_url":"https://github.com/FaraDev98","followers_url":"https://api.github.com/users/FaraDev98/followers","following_url":"https://api.github.com/users/FaraDev98/following{/other_user}","gists_url":"https://api.github.com/users/FaraDev98/gists{/gist_id}","starred_url":"https://api.github.com/users/FaraDev98/starred{/owner}{/repo}","subscriptions_url":"https://api.github.com/users/FaraDev98/subscriptions","organizations_url":"https://api.github.com/users/FaraDev98/orgs","repos_url":"https://api.github.com/users/FaraDev98/repos","events_url":"https://api.github.com/users/FaraDev98/events{/privacy}","received_events_url":"https://api.github.com/users/FaraDev98/received_events","type":"User","user_view_type":"private","site_admin":false,"name":null,"company":null,"blog":"","location":null,"email":null,"hireable":null,"bio":null,"twitter_username":null,"notification_email":null,"public_repos":12,"public_gists":0,"followers":0,"following":0,"created_at":"2022-07-10T19:09:35Z","updated_at":"2025-04-14T09:26:46Z","private_gists":0,"total_private_repos":5,"owned_private_repos":5,"disk_usage":87699,"collaborators":0,"two_factor_authentication":false,"plan":{"name":"free","space":976562499,"collaborators":0,"private_repos":10000}}
[info] 
[info] +  Success! Logged into GitHub as FaraDev98 
[info] 
[debug] [2025-04-24T15:53:31.435Z] >>> [apiv2][query] GET https://api.github.com/repos//actions/secrets/public-key type=owner
[debug] [2025-04-24T15:53:31.716Z] <<< [apiv2][status] GET https://api.github.com/repos//actions/secrets/public-key 404
[debug] [2025-04-24T15:53:31.716Z] <<< [apiv2][body] GET https://api.github.com/repos//actions/secrets/public-key {"message":"Not Found","documentation_url":"https://docs.github.com/rest","status":"404"}
[info] 
[info] 
[error] !  The provided authorization cannot be used with this repository. If this repository is in an organization, did you remember to grant access? 
[info] 
[info] i  Action required: Visit this URL to ensure access has been granted to the appropriate organization(s) for the Firebase CLI GitHub OAuth App: 
[info] https://github.com/settings/connections/applications/89cf50f02ac6aaed3484
[info] 
